# JRE version: OpenJDK Runtime Environment (8.0_292-b10) (build 1.8.0_292-b10)
# Java VM: OpenJDK 64-Bit Server VM (25.292-b10 mixed mode windows-amd64 compressed oops)
Heap:
 PSYoungGen      total 142848K, used 122518K [0x00000000d6200000, 0x00000000dff80000, 0x0000000100000000)
  eden space 130560K, 89% used [0x00000000d6200000,0x00000000dd3878c8,0x00000000de180000)
  from space 12288K, 50% used [0x00000000ded00000,0x00000000df31e0c8,0x00000000df900000)
  to   space 11776K, 0% used [0x00000000de180000,0x00000000de180000,0x00000000ded00000)
 ParOldGen       total 90112K, used 18026K [0x0000000082600000, 0x0000000087e00000, 0x00000000d6200000)
  object space 90112K, 20% used [0x0000000082600000,0x000000008379a8c0,0x0000000087e00000)
 Metaspace       used 50257K, capacity 53658K, committed 54016K, reserved 1095680K
  class space    used 6712K, capacity 7303K, committed 7424K, reserved 1048576K
GC Heap History (10 events):
Event: 6.163 GC heap before
{Heap before GC invocations=10 (full 1):
 PSYoungGen      total 91648K, used 57131K [0x00000000d6200000, 0x00000000dc980000, 0x0000000100000000)
  eden space 81408K, 60% used [0x00000000d6200000,0x00000000d92645e8,0x00000000db180000)
  from space 10240K, 74% used [0x00000000dbb80000,0x00000000dc2e6710,0x00000000dc580000)
  to   space 10240K, 0% used [0x00000000db180000,0x00000000db180000,0x00000000dbb80000)
 ParOldGen       total 59904K, used 7735K [0x0000000082600000, 0x0000000086080000, 0x00000000d6200000)
  object space 59904K, 12% used [0x0000000082600000,0x0000000082d8dc20,0x0000000086080000)
 Metaspace       used 33355K, capacity 35480K, committed 35496K, reserved 1079296K
  class space    used 4431K, capacity 4852K, committed 4864K, reserved 1048576K
Event: 6.194 GC heap after
Heap after GC invocations=10 (full 1):
 PSYoungGen      total 91648K, used 7511K [0x00000000d6200000, 0x00000000de800000, 0x0000000100000000)
  eden space 81408K, 0% used [0x00000000d6200000,0x00000000d6200000,0x00000000db180000)
  from space 10240K, 73% used [0x00000000db180000,0x00000000db8d5f88,0x00000000dbb80000)
  to   space 10752K, 0% used [0x00000000ddd80000,0x00000000ddd80000,0x00000000de800000)
 ParOldGen       total 59904K, used 9206K [0x0000000082600000, 0x0000000086080000, 0x00000000d6200000)
  object space 59904K, 15% used [0x0000000082600000,0x0000000082efdb50,0x0000000086080000)
 Metaspace       used 33355K, capacity 35480K, committed 35496K, reserved 1079296K
  class space    used 4431K, capacity 4852K, committed 4864K, reserved 1048576K
}
Event: 6.194 GC heap before
{Heap before GC invocations=11 (full 2):
 PSYoungGen      total 91648K, used 7511K [0x00000000d6200000, 0x00000000de800000, 0x0000000100000000)
  eden space 81408K, 0% used [0x00000000d6200000,0x00000000d6200000,0x00000000db180000)
  from space 10240K, 73% used [0x00000000db180000,0x00000000db8d5f88,0x00000000dbb80000)
  to   space 10752K, 0% used [0x00000000ddd80000,0x00000000ddd80000,0x00000000de800000)
 ParOldGen       total 59904K, used 9206K [0x0000000082600000, 0x0000000086080000, 0x00000000d6200000)
  object space 59904K, 15% used [0x0000000082600000,0x0000000082efdb50,0x0000000086080000)
 Metaspace       used 33355K, capacity 35480K, committed 35496K, reserved 1079296K
  class space    used 4431K, capacity 4852K, committed 4864K, reserved 1048576K
Event: 6.288 GC heap after
Heap after GC invocations=11 (full 2):
 PSYoungGen      total 91648K, used 0K [0x00000000d6200000, 0x00000000de800000, 0x0000000100000000)
  eden space 81408K, 0% used [0x00000000d6200000,0x00000000d6200000,0x00000000db180000)
  from space 10240K, 0% used [0x00000000db180000,0x00000000db180000,0x00000000dbb80000)
  to   space 10752K, 0% used [0x00000000ddd80000,0x00000000ddd80000,0x00000000de800000)
 ParOldGen       total 90112K, used 13784K [0x0000000082600000, 0x0000000087e00000, 0x00000000d6200000)
  object space 90112K, 15% used [0x0000000082600000,0x0000000083376310,0x0000000087e00000)
 Metaspace       used 33355K, capacity 35480K, committed 35496K, reserved 1079296K
  class space    used 4431K, capacity 4852K, committed 4864K, reserved 1048576K
}
Event: 8.027 GC heap before
{Heap before GC invocations=12 (full 2):
 PSYoungGen      total 91648K, used 81408K [0x00000000d6200000, 0x00000000de800000, 0x0000000100000000)
  eden space 81408K, 100% used [0x00000000d6200000,0x00000000db180000,0x00000000db180000)
  from space 10240K, 0% used [0x00000000db180000,0x00000000db180000,0x00000000dbb80000)
  to   space 10752K, 0% used [0x00000000ddd80000,0x00000000ddd80000,0x00000000de800000)
 ParOldGen       total 90112K, used 13784K [0x0000000082600000, 0x0000000087e00000, 0x00000000d6200000)
  object space 90112K, 15% used [0x0000000082600000,0x0000000083376310,0x0000000087e00000)
 Metaspace       used 36384K, capacity 38714K, committed 39040K, reserved 1083392K
  class space    used 4979K, capacity 5425K, committed 5504K, reserved 1048576K
Event: 8.042 GC heap after
Heap after GC invocations=12 (full 2):
 PSYoungGen      total 109568K, used 5378K [0x00000000d6200000, 0x00000000de300000, 0x0000000100000000)
  eden space 103936K, 0% used [0x00000000d6200000,0x00000000d6200000,0x00000000dc780000)
  from space 5632K, 95% used [0x00000000ddd80000,0x00000000de2c08e0,0x00000000de300000)
  to   space 10240K, 0% used [0x00000000dcf00000,0x00000000dcf00000,0x00000000dd900000)
 ParOldGen       total 90112K, used 13792K [0x0000000082600000, 0x0000000087e00000, 0x00000000d6200000)
  object space 90112K, 15% used [0x0000000082600000,0x0000000083378310,0x0000000087e00000)
 Metaspace       used 36384K, capacity 38714K, committed 39040K, reserved 1083392K
  class space    used 4979K, capacity 5425K, committed 5504K, reserved 1048576K
}
Event: 9.810 GC heap before
{Heap before GC invocations=13 (full 2):
 PSYoungGen      total 109568K, used 109314K [0x00000000d6200000, 0x00000000de300000, 0x0000000100000000)
  eden space 103936K, 100% used [0x00000000d6200000,0x00000000dc780000,0x00000000dc780000)
  from space 5632K, 95% used [0x00000000ddd80000,0x00000000de2c08e0,0x00000000de300000)
  to   space 10240K, 0% used [0x00000000dcf00000,0x00000000dcf00000,0x00000000dd900000)
 ParOldGen       total 90112K, used 13792K [0x0000000082600000, 0x0000000087e00000, 0x00000000d6200000)
  object space 90112K, 15% used [0x0000000082600000,0x0000000083378310,0x0000000087e00000)
 Metaspace       used 45274K, capacity 48092K, committed 48256K, reserved 1091584K
  class space    used 6143K, capacity 6660K, committed 6784K, reserved 1048576K
Event: 9.822 GC heap after
Heap after GC invocations=13 (full 2):
 PSYoungGen      total 121856K, used 10239K [0x00000000d6200000, 0x00000000df900000, 0x0000000100000000)
  eden space 111616K, 0% used [0x00000000d6200000,0x00000000d6200000,0x00000000dcf00000)
  from space 10240K, 99% used [0x00000000dcf00000,0x00000000dd8fffc8,0x00000000dd900000)
  to   space 12288K, 0% used [0x00000000ded00000,0x00000000ded00000,0x00000000df900000)
 ParOldGen       total 90112K, used 15174K [0x0000000082600000, 0x0000000087e00000, 0x00000000d6200000)
  object space 90112K, 16% used [0x0000000082600000,0x00000000834d18b0,0x0000000087e00000)
 Metaspace       used 45274K, capacity 48092K, committed 48256K, reserved 1091584K
  class space    used 6143K, capacity 6660K, committed 6784K, reserved 1048576K
}
Event: 12.954 GC heap before
{Heap before GC invocations=14 (full 2):
 PSYoungGen      total 121856K, used 121855K [0x00000000d6200000, 0x00000000df900000, 0x0000000100000000)
  eden space 111616K, 100% used [0x00000000d6200000,0x00000000dcf00000,0x00000000dcf00000)
  from space 10240K, 99% used [0x00000000dcf00000,0x00000000dd8fffc8,0x00000000dd900000)
  to   space 12288K, 0% used [0x00000000ded00000,0x00000000ded00000,0x00000000df900000)
 ParOldGen       total 90112K, used 15174K [0x0000000082600000, 0x0000000087e00000, 0x00000000d6200000)
  object space 90112K, 16% used [0x0000000082600000,0x00000000834d18b0,0x0000000087e00000)
 Metaspace       used 47075K, capacity 49920K, committed 50176K, reserved 1093632K
  class space    used 6288K, capacity 6814K, committed 6912K, reserved 1048576K
Event: 12.978 GC heap after
Heap after GC invocations=14 (full 2):
 PSYoungGen      total 142848K, used 6264K [0x00000000d6200000, 0x00000000dff80000, 0x0000000100000000)
  eden space 130560K, 0% used [0x00000000d6200000,0x00000000d6200000,0x00000000de180000)
  from space 12288K, 50% used [0x00000000ded00000,0x00000000df31e0c8,0x00000000df900000)
  to   space 11776K, 0% used [0x00000000de180000,0x00000000de180000,0x00000000ded00000)
 ParOldGen       total 90112K, used 18026K [0x0000000082600000, 0x0000000087e00000, 0x00000000d6200000)
  object space 90112K, 20% used [0x0000000082600000,0x000000008379a8c0,0x0000000087e00000)
 Metaspace       used 47075K, capacity 49920K, committed 50176K, reserved 1093632K
  class space    used 6288K, capacity 6814K, committed 6912K, reserved 1048576K
}

