# JRE version: OpenJDK Runtime Environment (8.0_292-b10) (build 1.8.0_292-b10)
# Java VM: OpenJDK 64-Bit Server VM (25.292-b10 mixed mode windows-amd64 compressed oops)
Heap:
 PSYoungGen      total 370176K, used 117149K [0x00000000d6200000, 0x00000000ee080000, 0x0000000100000000)
  eden space 355840K, 28% used [0x00000000d6200000,0x00000000dc66c270,0x00000000ebd80000)
  from space 14336K, 99% used [0x00000000ed180000,0x00000000edf7b408,0x00000000edf80000)
  to   space 17920K, 0% used [0x00000000ebd80000,0x00000000ebd80000,0x00000000ecf00000)
 ParOldGen       total 57344K, used 19744K [0x0000000082600000, 0x0000000085e00000, 0x00000000d6200000)
  object space 57344K, 34% used [0x0000000082600000,0x00000000839482e0,0x0000000085e00000)
 Metaspace       used 54318K, capacity 58058K, committed 58368K, reserved 1099776K
  class space    used 7225K, capacity 7877K, committed 7936K, reserved 1048576K
GC Heap History (10 events):
Event: 4.619 GC heap before
{Heap before GC invocations=8 (full 1):
 PSYoungGen      total 131584K, used 131423K [0x00000000d6200000, 0x00000000def00000, 0x0000000100000000)
  eden space 126976K, 100% used [0x00000000d6200000,0x00000000dde00000,0x00000000dde00000)
  from space 4608K, 96% used [0x00000000dea80000,0x00000000deed7e20,0x00000000def00000)
  to   space 8704K, 0% used [0x00000000dde00000,0x00000000dde00000,0x00000000de680000)
 ParOldGen       total 46080K, used 7550K [0x0000000082600000, 0x0000000085300000, 0x00000000d6200000)
  object space 46080K, 16% used [0x0000000082600000,0x0000000082d5fb78,0x0000000085300000)
 Metaspace       used 31486K, capacity 33514K, committed 33792K, reserved 1079296K
  class space    used 4180K, capacity 4573K, committed 4608K, reserved 1048576K
Event: 4.632 GC heap after
Heap after GC invocations=8 (full 1):
 PSYoungGen      total 135680K, used 8694K [0x00000000d6200000, 0x00000000e6900000, 0x0000000100000000)
  eden space 126976K, 0% used [0x00000000d6200000,0x00000000d6200000,0x00000000dde00000)
  from space 8704K, 99% used [0x00000000dde00000,0x00000000de67db28,0x00000000de680000)
  to   space 12800K, 0% used [0x00000000e5c80000,0x00000000e5c80000,0x00000000e6900000)
 ParOldGen       total 46080K, used 12974K [0x0000000082600000, 0x0000000085300000, 0x00000000d6200000)
  object space 46080K, 28% used [0x0000000082600000,0x00000000832abbd0,0x0000000085300000)
 Metaspace       used 31486K, capacity 33514K, committed 33792K, reserved 1079296K
  class space    used 4180K, capacity 4573K, committed 4608K, reserved 1048576K
}
Event: 5.211 GC heap before
{Heap before GC invocations=9 (full 1):
 PSYoungGen      total 135680K, used 36387K [0x00000000d6200000, 0x00000000e6900000, 0x0000000100000000)
  eden space 126976K, 21% used [0x00000000d6200000,0x00000000d7d0b488,0x00000000dde00000)
  from space 8704K, 99% used [0x00000000dde00000,0x00000000de67db28,0x00000000de680000)
  to   space 12800K, 0% used [0x00000000e5c80000,0x00000000e5c80000,0x00000000e6900000)
 ParOldGen       total 46080K, used 12974K [0x0000000082600000, 0x0000000085300000, 0x00000000d6200000)
  object space 46080K, 28% used [0x0000000082600000,0x00000000832abbd0,0x0000000085300000)
 Metaspace       used 33350K, capacity 35430K, committed 35496K, reserved 1079296K
  class space    used 4436K, capacity 4855K, committed 4864K, reserved 1048576K
Event: 5.219 GC heap after
Heap after GC invocations=9 (full 1):
 PSYoungGen      total 249344K, used 7108K [0x00000000d6200000, 0x00000000e6480000, 0x0000000100000000)
  eden space 241152K, 0% used [0x00000000d6200000,0x00000000d6200000,0x00000000e4d80000)
  from space 8192K, 86% used [0x00000000e5c80000,0x00000000e63710b0,0x00000000e6480000)
  to   space 11776K, 0% used [0x00000000e4d80000,0x00000000e4d80000,0x00000000e5900000)
 ParOldGen       total 46080K, used 12982K [0x0000000082600000, 0x0000000085300000, 0x00000000d6200000)
  object space 46080K, 28% used [0x0000000082600000,0x00000000832adbd0,0x0000000085300000)
 Metaspace       used 33350K, capacity 35430K, committed 35496K, reserved 1079296K
  class space    used 4436K, capacity 4855K, committed 4864K, reserved 1048576K
}
Event: 5.219 GC heap before
{Heap before GC invocations=10 (full 2):
 PSYoungGen      total 249344K, used 7108K [0x00000000d6200000, 0x00000000e6480000, 0x0000000100000000)
  eden space 241152K, 0% used [0x00000000d6200000,0x00000000d6200000,0x00000000e4d80000)
  from space 8192K, 86% used [0x00000000e5c80000,0x00000000e63710b0,0x00000000e6480000)
  to   space 11776K, 0% used [0x00000000e4d80000,0x00000000e4d80000,0x00000000e5900000)
 ParOldGen       total 46080K, used 12982K [0x0000000082600000, 0x0000000085300000, 0x00000000d6200000)
  object space 46080K, 28% used [0x0000000082600000,0x00000000832adbd0,0x0000000085300000)
 Metaspace       used 33350K, capacity 35430K, committed 35496K, reserved 1079296K
  class space    used 4436K, capacity 4855K, committed 4864K, reserved 1048576K
Event: 5.282 GC heap after
Heap after GC invocations=10 (full 2):
 PSYoungGen      total 249344K, used 0K [0x00000000d6200000, 0x00000000e6480000, 0x0000000100000000)
  eden space 241152K, 0% used [0x00000000d6200000,0x00000000d6200000,0x00000000e4d80000)
  from space 8192K, 0% used [0x00000000e5c80000,0x00000000e5c80000,0x00000000e6480000)
  to   space 11776K, 0% used [0x00000000e4d80000,0x00000000e4d80000,0x00000000e5900000)
 ParOldGen       total 57344K, used 11995K [0x0000000082600000, 0x0000000085e00000, 0x00000000d6200000)
  object space 57344K, 20% used [0x0000000082600000,0x00000000831b6d80,0x0000000085e00000)
 Metaspace       used 33350K, capacity 35430K, committed 35496K, reserved 1079296K
  class space    used 4436K, capacity 4855K, committed 4864K, reserved 1048576K
}
Event: 9.699 GC heap before
{Heap before GC invocations=11 (full 2):
 PSYoungGen      total 249344K, used 241152K [0x00000000d6200000, 0x00000000e6480000, 0x0000000100000000)
  eden space 241152K, 100% used [0x00000000d6200000,0x00000000e4d80000,0x00000000e4d80000)
  from space 8192K, 0% used [0x00000000e5c80000,0x00000000e5c80000,0x00000000e6480000)
  to   space 11776K, 0% used [0x00000000e4d80000,0x00000000e4d80000,0x00000000e5900000)
 ParOldGen       total 57344K, used 11995K [0x0000000082600000, 0x0000000085e00000, 0x00000000d6200000)
  object space 57344K, 20% used [0x0000000082600000,0x00000000831b6d80,0x0000000085e00000)
 Metaspace       used 45531K, capacity 48288K, committed 48512K, reserved 1091584K
  class space    used 6139K, capacity 6660K, committed 6784K, reserved 1048576K
Event: 9.749 GC heap after
Heap after GC invocations=11 (full 2):
 PSYoungGen      total 252928K, used 11758K [0x00000000d6200000, 0x00000000edf80000, 0x0000000100000000)
  eden space 241152K, 0% used [0x00000000d6200000,0x00000000d6200000,0x00000000e4d80000)
  from space 11776K, 99% used [0x00000000e4d80000,0x00000000e58fbb48,0x00000000e5900000)
  to   space 14336K, 0% used [0x00000000ed180000,0x00000000ed180000,0x00000000edf80000)
 ParOldGen       total 57344K, used 14692K [0x0000000082600000, 0x0000000085e00000, 0x00000000d6200000)
  object space 57344K, 25% used [0x0000000082600000,0x00000000834591f8,0x0000000085e00000)
 Metaspace       used 45531K, capacity 48288K, committed 48512K, reserved 1091584K
  class space    used 6139K, capacity 6660K, committed 6784K, reserved 1048576K
}
Event: 17.148 GC heap before
{Heap before GC invocations=12 (full 2):
 PSYoungGen      total 252928K, used 252910K [0x00000000d6200000, 0x00000000edf80000, 0x0000000100000000)
  eden space 241152K, 100% used [0x00000000d6200000,0x00000000e4d80000,0x00000000e4d80000)
  from space 11776K, 99% used [0x00000000e4d80000,0x00000000e58fbb48,0x00000000e5900000)
  to   space 14336K, 0% used [0x00000000ed180000,0x00000000ed180000,0x00000000edf80000)
 ParOldGen       total 57344K, used 14692K [0x0000000082600000, 0x0000000085e00000, 0x00000000d6200000)
  object space 57344K, 25% used [0x0000000082600000,0x00000000834591f8,0x0000000085e00000)
 Metaspace       used 52149K, capacity 55746K, committed 56064K, reserved 1097728K
  class space    used 6976K, capacity 7607K, committed 7680K, reserved 1048576K
Event: 17.166 GC heap after
Heap after GC invocations=12 (full 2):
 PSYoungGen      total 370176K, used 14317K [0x00000000d6200000, 0x00000000ee080000, 0x0000000100000000)
  eden space 355840K, 0% used [0x00000000d6200000,0x00000000d6200000,0x00000000ebd80000)
  from space 14336K, 99% used [0x00000000ed180000,0x00000000edf7b408,0x00000000edf80000)
  to   space 17920K, 0% used [0x00000000ebd80000,0x00000000ebd80000,0x00000000ecf00000)
 ParOldGen       total 57344K, used 19744K [0x0000000082600000, 0x0000000085e00000, 0x00000000d6200000)
  object space 57344K, 34% used [0x0000000082600000,0x00000000839482e0,0x0000000085e00000)
 Metaspace       used 52149K, capacity 55746K, committed 56064K, reserved 1097728K
  class space    used 6976K, capacity 7607K, committed 7680K, reserved 1048576K
}

